<?xml version="1.0" encoding="UTF-8"?>
<!-- Generated by org.testng.reporters.JUnitReportReporter -->
<testsuite hostname="DESKTOP-DS6EV3H" failures="0" tests="1" name="Demo.Extentreport" time="18.206" errors="0" timestamp="2024-03-02T15:13:50 IST" skipped="0">
  <testcase classname="Demo.Extentreport" name="logintest" time="18.206"/>
  <system-out>
    <![CDATA[Browser opened
Login successfully]]>
  </system-out>
</testsuite> <!-- Demo.Extentreport -->
