<?xml version="1.0" encoding="UTF-8"?>
<!-- Generated by org.testng.reporters.JUnitReportReporter -->
<testsuite hostname="DESKTOP-DS6EV3H" failures="0" tests="3" name="Demo.DemoTest" time="0.019" errors="0" timestamp="2024-02-11T16:55:02 IST" skipped="0">
  <testcase classname="Demo.DemoTest" name="open" time="0.013">
    <system-out>
      <![CDATA[Browser opened]]>
    </system-out>
  </testcase> <!-- open -->
  <testcase classname="Demo.DemoTest" name="Playback" time="0.004">
    <system-out>
      <![CDATA[playback successfully]]>
    </system-out>
  </testcase> <!-- Playback -->
  <testcase classname="Demo.DemoTest" name="login" time="0.002">
    <system-out>
      <![CDATA[Login]]>
    </system-out>
  </testcase> <!-- login -->
  <system-out>
    <![CDATA[Browser opened
playback successfully
Login]]>
  </system-out>
</testsuite> <!-- Demo.DemoTest -->
