<?xml version="1.0" encoding="UTF-8"?>
<!-- Generated by org.testng.reporters.JUnitReportReporter -->
<testsuite hostname="DESKTOP-DS6EV3H" failures="0" tests="1" name="testscripts.Test" time="33.467" errors="0" timestamp="2024-02-17T18:09:09 IST" skipped="0">
  <testcase classname="testscripts.Test" name="fun" time="33.467"/>
</testsuite> <!-- testscripts.Test -->
