<?xml version="1.0" encoding="UTF-8"?>
<!-- Generated by org.testng.reporters.JUnitReportReporter -->
<testsuite hostname="DESKTOP-DS6EV3H" failures="0" tests="1" name="testscripts.Assertion" time="37.566" errors="0" timestamp="2024-02-18T15:22:50 IST" skipped="0">
  <testcase classname="testscripts.Assertion" name="test" time="37.566">
    <system-out>
      <![CDATA[Login page is displayed]]>
    </system-out>
  </testcase> <!-- test -->
  <system-out>
    <![CDATA[Login page is displayed]]>
  </system-out>
</testsuite> <!-- testscripts.Assertion -->
