<?xml version="1.0" encoding="UTF-8"?>
<!-- Generated by org.testng.reporters.JUnitReportReporter -->
<testsuite hostname="DESKTOP-DS6EV3H" failures="0" tests="1" name="testscripts.AddaddressTest" time="20.136" errors="0" timestamp="2024-02-18T15:48:42 IST" skipped="0">
  <testcase classname="testscripts.AddaddressTest" name="addaddress" time="20.136">
    <system-out>
      <![CDATA[address successfully]]>
    </system-out>
  </testcase> <!-- addaddress -->
  <system-out>
    <![CDATA[Browser opened
Login successfully
address successfully
Browserclosed successfully]]>
  </system-out>
</testsuite> <!-- testscripts.AddaddressTest -->
