<?xml version="1.0" encoding="UTF-8"?>
<!-- Generated by org.testng.reporters.JUnitReportReporter -->
<testsuite hostname="DESKTOP-DS6EV3H" failures="0" tests="1" name="testscripts.Data" time="0.991" errors="0" timestamp="2024-02-18T17:19:20 IST" skipped="0">
  <testcase classname="testscripts.Data" name="fetch" time="0.991"/>
</testsuite> <!-- testscripts.Data -->
